vcs -R +v2k -full64 tb.v ../syn/netlist/fir_syn.v -v /usr/cadtool/ee5216/CBDK_TSMC90GUTM_Arm_f1.0/CIC/Verilog/tsmc090.v +define+SDF -debug_acc +neg_tchk
*** Using c compiler gcc instead of cc ...
                         Chronologic VCS (TM)
         Version T-2022.06_Full64 -- Tue Mar 11 07:13:39 2025

                    Copyright (c) 1991 - 2022 Synopsys, Inc.
   This software and the associated documentation are proprietary to Synopsys,
 Inc. This software may only be used in accordance with the terms and conditions
 of a written license agreement with Synopsys, Inc. All other use, reproduction,
   or distribution of this software is strictly prohibited.  Licensed Products
     communicate with Synopsys servers for the purpose of providing software
    updates, detecting software piracy and verifying that customers are using
    Licensed Products in conformity with the applicable License Key for such
  Licensed Products. Synopsys will use information gathered in connection with
    this process to deliver software updates and pursue software pirates and
                                   infringers.

 Inclusivity & Diversity - Visit SolvNetPlus to read the "Synopsys Statement on
            Inclusivity and Diversity" (Refer to article 000036315 at
                        https://solvnetplus.synopsys.com)

The design hasn't changed and need not be recompiled.
If you really want to, delete file simv.daidir/.vcs.timestamp and
run VCS again.

Chronologic VCS simulator copyright 1991-2022
Contains Synopsys proprietary information.
Compiler version T-2022.06_Full64; Runtime version T-2022.06_Full64;  Mar 11 07:13 2025
Doing SDF annotation ...... Done
------------Start simulation-----------
----Start the data input(AXI-Stream)----
----Start the coefficient input(AXI-lite)----
 Check Coefficient ...
OK: exp =           4, rdata =           4
OK: exp =          -6, rdata =          -6
OK: exp =           9, rdata =           9
OK: exp =          -6, rdata =          -6
OK: exp =           7, rdata =           7
OK: exp =          -4, rdata =          -4
OK: exp =           3, rdata =           3
OK: exp =           0, rdata =           0
OK: exp =          -7, rdata =          -7
OK: exp =           4, rdata =           4
OK: exp =           2, rdata =           2
OK: exp =          -7, rdata =          -7
OK: exp =          -7, rdata =          -7
OK: exp =          -9, rdata =          -9
OK: exp =           1, rdata =           1
OK: exp =           6, rdata =           6
OK: exp =          -8, rdata =          -8
OK: exp =           9, rdata =           9
OK: exp =           8, rdata =           8
OK: exp =           5, rdata =           5
OK: exp =          -9, rdata =          -9
OK: exp =           4, rdata =           4
OK: exp =          -8, rdata =          -8
OK: exp =          -7, rdata =          -7
OK: exp =          -7, rdata =          -7
OK: exp =          -6, rdata =          -6
OK: exp =           3, rdata =           3
OK: exp =          -3, rdata =          -3
OK: exp =           2, rdata =           2
OK: exp =           5, rdata =           5
OK: exp =          -9, rdata =          -9
OK: exp =          10, rdata =          10
 Tape programming done ...
 Start FIR
----End the coefficient input(AXI-lite)----
[PASS] [Pattern          0] Golden answer:        7808, Your answer:        7808
[PASS] [Pattern          1] Golden answer:       41864, Your answer:       41864
[PASS] [Pattern          2] Golden answer:     -311516, Your answer:     -311516
[PASS] [Pattern          3] Golden answer:      419894, Your answer:      419894
[PASS] [Pattern          4] Golden answer:     -525986, Your answer:     -525986
[PASS] [Pattern          5] Golden answer:      540137, Your answer:      540137
[PASS] [Pattern          6] Golden answer:     -529696, Your answer:     -529696
[PASS] [Pattern          7] Golden answer:      744689, Your answer:      744689
[PASS] [Pattern          8] Golden answer:     -176446, Your answer:     -176446
[PASS] [Pattern          9] Golden answer:      367925, Your answer:      367925
[PASS] [Pattern         10] Golden answer:      423498, Your answer:      423498
[PASS] [Pattern         11] Golden answer:      564520, Your answer:      564520
[PASS] [Pattern         12] Golden answer:     -557309, Your answer:     -557309
[PASS] [Pattern         13] Golden answer:        4069, Your answer:        4069
[PASS] [Pattern         14] Golden answer:      417117, Your answer:      417117
[PASS] [Pattern         15] Golden answer:       -5050, Your answer:       -5050
[PASS] [Pattern         16] Golden answer:       20628, Your answer:       20628
[PASS] [Pattern         17] Golden answer:    -2240164, Your answer:    -2240164
[PASS] [Pattern         18] Golden answer:     1249427, Your answer:     1249427
[PASS] [Pattern         19] Golden answer:    -3344435, Your answer:    -3344435
[PASS] [Pattern         20] Golden answer:    -1086398, Your answer:    -1086398
[PASS] [Pattern         21] Golden answer:    -1779776, Your answer:    -1779776
[PASS] [Pattern         22] Golden answer:     1561033, Your answer:     1561033
[PASS] [Pattern         23] Golden answer:      867924, Your answer:      867924
[PASS] [Pattern         24] Golden answer:     1652775, Your answer:     1652775
[PASS] [Pattern         25] Golden answer:     1529703, Your answer:     1529703
[PASS] [Pattern         26] Golden answer:     2966889, Your answer:     2966889
[PASS] [Pattern         27] Golden answer:     -693201, Your answer:     -693201
[PASS] [Pattern         28] Golden answer:     -634770, Your answer:     -634770
[PASS] [Pattern         29] Golden answer:    -3199583, Your answer:    -3199583
[PASS] [Pattern         30] Golden answer:    -1187741, Your answer:    -1187741
[PASS] [Pattern         31] Golden answer:    -3857169, Your answer:    -3857169
[PASS] [Pattern         32] Golden answer:     -727764, Your answer:     -727764
[PASS] [Pattern         33] Golden answer:      846012, Your answer:      846012
[PASS] [Pattern         34] Golden answer:     3721297, Your answer:     3721297
[PASS] [Pattern         35] Golden answer:     1210730, Your answer:     1210730
[PASS] [Pattern         36] Golden answer:     2025942, Your answer:     2025942
[PASS] [Pattern         37] Golden answer:     -366110, Your answer:     -366110
[PASS] [Pattern         38] Golden answer:     1284014, Your answer:     1284014
[PASS] [Pattern         39] Golden answer:    -2243990, Your answer:    -2243990
[PASS] [Pattern         40] Golden answer:     -176881, Your answer:     -176881
[PASS] [Pattern         41] Golden answer:    -3330156, Your answer:    -3330156
[PASS] [Pattern         42] Golden answer:     3087297, Your answer:     3087297
[PASS] [Pattern         43] Golden answer:     2993217, Your answer:     2993217
[PASS] [Pattern         44] Golden answer:     -197879, Your answer:     -197879
[PASS] [Pattern         45] Golden answer:     1646226, Your answer:     1646226
[PASS] [Pattern         46] Golden answer:      311425, Your answer:      311425
[PASS] [Pattern         47] Golden answer:     1080558, Your answer:     1080558
[PASS] [Pattern         48] Golden answer:    -3322424, Your answer:    -3322424
[PASS] [Pattern         49] Golden answer:    -1401694, Your answer:    -1401694
[PASS] [Pattern         50] Golden answer:      704102, Your answer:      704102
[PASS] [Pattern         51] Golden answer:     -799123, Your answer:     -799123
[PASS] [Pattern         52] Golden answer:     2393833, Your answer:     2393833
[PASS] [Pattern         53] Golden answer:     1601140, Your answer:     1601140
[PASS] [Pattern         54] Golden answer:      860380, Your answer:      860380
[PASS] [Pattern         55] Golden answer:      552213, Your answer:      552213
[PASS] [Pattern         56] Golden answer:    -1830816, Your answer:    -1830816
[PASS] [Pattern         57] Golden answer:     3155744, Your answer:     3155744
[PASS] [Pattern         58] Golden answer:    -4249595, Your answer:    -4249595
[PASS] [Pattern         59] Golden answer:     1394630, Your answer:     1394630
[PASS] [Pattern         60] Golden answer:      517415, Your answer:      517415
[PASS] [Pattern         61] Golden answer:     -727287, Your answer:     -727287
[PASS] [Pattern         62] Golden answer:    -1259228, Your answer:    -1259228
[PASS] [Pattern         63] Golden answer:     1881156, Your answer:     1881156
[PASS] [Pattern         64] Golden answer:    -2015006, Your answer:    -2015006
[PASS] [Pattern         65] Golden answer:     3398600, Your answer:     3398600
[PASS] [Pattern         66] Golden answer:    -3438870, Your answer:    -3438870
[PASS] [Pattern         67] Golden answer:     4589509, Your answer:     4589509
[PASS] [Pattern         68] Golden answer:     -774327, Your answer:     -774327
[PASS] [Pattern         69] Golden answer:     -195339, Your answer:     -195339
[PASS] [Pattern         70] Golden answer:     1700594, Your answer:     1700594
[PASS] [Pattern         71] Golden answer:      849243, Your answer:      849243
[PASS] [Pattern         72] Golden answer:    -2543581, Your answer:    -2543581
[PASS] [Pattern         73] Golden answer:     1890943, Your answer:     1890943
[PASS] [Pattern         74] Golden answer:     -668445, Your answer:     -668445
[PASS] [Pattern         75] Golden answer:    -2304459, Your answer:    -2304459
[PASS] [Pattern         76] Golden answer:      884232, Your answer:      884232
[PASS] [Pattern         77] Golden answer:    -1694770, Your answer:    -1694770
[PASS] [Pattern         78] Golden answer:     -304315, Your answer:     -304315
[PASS] [Pattern         79] Golden answer:     -561708, Your answer:     -561708
[PASS] [Pattern         80] Golden answer:    -1594990, Your answer:    -1594990
[PASS] [Pattern         81] Golden answer:     1420359, Your answer:     1420359
[PASS] [Pattern         82] Golden answer:    -1412532, Your answer:    -1412532
[PASS] [Pattern         83] Golden answer:      -40807, Your answer:      -40807
[PASS] [Pattern         84] Golden answer:        1564, Your answer:        1564
[PASS] [Pattern         85] Golden answer:     -166174, Your answer:     -166174
[PASS] [Pattern         86] Golden answer:    -2097732, Your answer:    -2097732
[PASS] [Pattern         87] Golden answer:      472936, Your answer:      472936
[PASS] [Pattern         88] Golden answer:    -3377319, Your answer:    -3377319
[PASS] [Pattern         89] Golden answer:     2207581, Your answer:     2207581
[PASS] [Pattern         90] Golden answer:    -2275720, Your answer:    -2275720
[PASS] [Pattern         91] Golden answer:     1884787, Your answer:     1884787
[PASS] [Pattern         92] Golden answer:    -2747465, Your answer:    -2747465
[PASS] [Pattern         93] Golden answer:     1866074, Your answer:     1866074
[PASS] [Pattern         94] Golden answer:      104482, Your answer:      104482
[PASS] [Pattern         95] Golden answer:     3302608, Your answer:     3302608
[PASS] [Pattern         96] Golden answer:    -3314574, Your answer:    -3314574
[PASS] [Pattern         97] Golden answer:     2286144, Your answer:     2286144
[PASS] [Pattern         98] Golden answer:    -2349315, Your answer:    -2349315
[PASS] [Pattern         99] Golden answer:    -1122545, Your answer:    -1122545
[PASS] [Pattern        100] Golden answer:     -359323, Your answer:     -359323
[PASS] [Pattern        101] Golden answer:    -3846027, Your answer:    -3846027
[PASS] [Pattern        102] Golden answer:     2752146, Your answer:     2752146
[PASS] [Pattern        103] Golden answer:     -177752, Your answer:     -177752
[PASS] [Pattern        104] Golden answer:     -333058, Your answer:     -333058
[PASS] [Pattern        105] Golden answer:     4020621, Your answer:     4020621
[PASS] [Pattern        106] Golden answer:    -1252369, Your answer:    -1252369
[PASS] [Pattern        107] Golden answer:      826615, Your answer:      826615
[PASS] [Pattern        108] Golden answer:     2419747, Your answer:     2419747
[PASS] [Pattern        109] Golden answer:    -1727723, Your answer:    -1727723
[PASS] [Pattern        110] Golden answer:     2276971, Your answer:     2276971
[PASS] [Pattern        111] Golden answer:    -2880638, Your answer:    -2880638
[PASS] [Pattern        112] Golden answer:     2928942, Your answer:     2928942
[PASS] [Pattern        113] Golden answer:      726100, Your answer:      726100
[PASS] [Pattern        114] Golden answer:    -2539840, Your answer:    -2539840
[PASS] [Pattern        115] Golden answer:      -49929, Your answer:      -49929
[PASS] [Pattern        116] Golden answer:      -11552, Your answer:      -11552
[PASS] [Pattern        117] Golden answer:    -2570051, Your answer:    -2570051
[PASS] [Pattern        118] Golden answer:    -1509194, Your answer:    -1509194
[PASS] [Pattern        119] Golden answer:    -1397435, Your answer:    -1397435
[PASS] [Pattern        120] Golden answer:     5397167, Your answer:     5397167
[PASS] [Pattern        121] Golden answer:    -2484312, Your answer:    -2484312
[PASS] [Pattern        122] Golden answer:     8202139, Your answer:     8202139
[PASS] [Pattern        123] Golden answer:    -2239474, Your answer:    -2239474
[PASS] [Pattern        124] Golden answer:     2954344, Your answer:     2954344
[PASS] [Pattern        125] Golden answer:    -1660827, Your answer:    -1660827
[PASS] [Pattern        126] Golden answer:    -1583556, Your answer:    -1583556
[PASS] [Pattern        127] Golden answer:     1722905, Your answer:     1722905
[PASS] [Pattern        128] Golden answer:    -5005218, Your answer:    -5005218
[PASS] [Pattern        129] Golden answer:     -796473, Your answer:     -796473
[PASS] [Pattern        130] Golden answer:     4898543, Your answer:     4898543
[PASS] [Pattern        131] Golden answer:    -1356221, Your answer:    -1356221
[PASS] [Pattern        132] Golden answer:     2528216, Your answer:     2528216
[PASS] [Pattern        133] Golden answer:    -1425761, Your answer:    -1425761
[PASS] [Pattern        134] Golden answer:     1691479, Your answer:     1691479
[PASS] [Pattern        135] Golden answer:    -1390327, Your answer:    -1390327
[PASS] [Pattern        136] Golden answer:     -912137, Your answer:     -912137
[PASS] [Pattern        137] Golden answer:      259853, Your answer:      259853
[PASS] [Pattern        138] Golden answer:    -1231767, Your answer:    -1231767
[PASS] [Pattern        139] Golden answer:     1182109, Your answer:     1182109
[PASS] [Pattern        140] Golden answer:    -3262725, Your answer:    -3262725
[PASS] [Pattern        141] Golden answer:    -2725776, Your answer:    -2725776
[PASS] [Pattern        142] Golden answer:     2163432, Your answer:     2163432
[PASS] [Pattern        143] Golden answer:    -4534000, Your answer:    -4534000
[PASS] [Pattern        144] Golden answer:     5266576, Your answer:     5266576
[PASS] [Pattern        145] Golden answer:    -4155190, Your answer:    -4155190
[PASS] [Pattern        146] Golden answer:      808136, Your answer:      808136
[PASS] [Pattern        147] Golden answer:     4291030, Your answer:     4291030
[PASS] [Pattern        148] Golden answer:    -1189974, Your answer:    -1189974
[PASS] [Pattern        149] Golden answer:     1773391, Your answer:     1773391
[PASS] [Pattern        150] Golden answer:    -3963428, Your answer:    -3963428
[PASS] [Pattern        151] Golden answer:     -398367, Your answer:     -398367
[PASS] [Pattern        152] Golden answer:      -53778, Your answer:      -53778
[PASS] [Pattern        153] Golden answer:    -3044917, Your answer:    -3044917
[PASS] [Pattern        154] Golden answer:    -1292405, Your answer:    -1292405
[PASS] [Pattern        155] Golden answer:      777410, Your answer:      777410
[PASS] [Pattern        156] Golden answer:     1335324, Your answer:     1335324
[PASS] [Pattern        157] Golden answer:     -555973, Your answer:     -555973
[PASS] [Pattern        158] Golden answer:     -427729, Your answer:     -427729
[PASS] [Pattern        159] Golden answer:      986551, Your answer:      986551
[PASS] [Pattern        160] Golden answer:    -1587085, Your answer:    -1587085
[PASS] [Pattern        161] Golden answer:     2958072, Your answer:     2958072
[PASS] [Pattern        162] Golden answer:    -5893093, Your answer:    -5893093
[PASS] [Pattern        163] Golden answer:     2221953, Your answer:     2221953
[PASS] [Pattern        164] Golden answer:    -1852614, Your answer:    -1852614
[PASS] [Pattern        165] Golden answer:     3731554, Your answer:     3731554
[PASS] [Pattern        166] Golden answer:     -863040, Your answer:     -863040
[PASS] [Pattern        167] Golden answer:    -3274613, Your answer:    -3274613
[PASS] [Pattern        168] Golden answer:     1117101, Your answer:     1117101
[PASS] [Pattern        169] Golden answer:      710284, Your answer:      710284
[PASS] [Pattern        170] Golden answer:    -2337885, Your answer:    -2337885
[PASS] [Pattern        171] Golden answer:     1842539, Your answer:     1842539
[PASS] [Pattern        172] Golden answer:    -3879394, Your answer:    -3879394
[PASS] [Pattern        173] Golden answer:     4425654, Your answer:     4425654
[PASS] [Pattern        174] Golden answer:    -3796012, Your answer:    -3796012
[PASS] [Pattern        175] Golden answer:      974529, Your answer:      974529
[PASS] [Pattern        176] Golden answer:    -3345327, Your answer:    -3345327
[PASS] [Pattern        177] Golden answer:     -625444, Your answer:     -625444
[PASS] [Pattern        178] Golden answer:     -355895, Your answer:     -355895
[PASS] [Pattern        179] Golden answer:     -528175, Your answer:     -528175
[PASS] [Pattern        180] Golden answer:     1705603, Your answer:     1705603
[PASS] [Pattern        181] Golden answer:    -1183677, Your answer:    -1183677
[PASS] [Pattern        182] Golden answer:     5395015, Your answer:     5395015
[PASS] [Pattern        183] Golden answer:    -2486083, Your answer:    -2486083
[PASS] [Pattern        184] Golden answer:      509913, Your answer:      509913
[PASS] [Pattern        185] Golden answer:     -567177, Your answer:     -567177
[PASS] [Pattern        186] Golden answer:    -1260829, Your answer:    -1260829
[PASS] [Pattern        187] Golden answer:     2400959, Your answer:     2400959
[PASS] [Pattern        188] Golden answer:    -1929297, Your answer:    -1929297
[PASS] [Pattern        189] Golden answer:    -1715124, Your answer:    -1715124
[PASS] [Pattern        190] Golden answer:     4671478, Your answer:     4671478
[PASS] [Pattern        191] Golden answer:    -3819242, Your answer:    -3819242
[PASS] [Pattern        192] Golden answer:     3498423, Your answer:     3498423
[PASS] [Pattern        193] Golden answer:    -1674998, Your answer:    -1674998
[PASS] [Pattern        194] Golden answer:    -1150115, Your answer:    -1150115
[PASS] [Pattern        195] Golden answer:     -485043, Your answer:     -485043
[PASS] [Pattern        196] Golden answer:    -1431732, Your answer:    -1431732
[PASS] [Pattern        197] Golden answer:      -24047, Your answer:      -24047
[PASS] [Pattern        198] Golden answer:     -923027, Your answer:     -923027
[PASS] [Pattern        199] Golden answer:    -1205431, Your answer:    -1205431
[PASS] [Pattern        200] Golden answer:     2154995, Your answer:     2154995
[PASS] [Pattern        201] Golden answer:     -760647, Your answer:     -760647
[PASS] [Pattern        202] Golden answer:     -914635, Your answer:     -914635
[PASS] [Pattern        203] Golden answer:     2289630, Your answer:     2289630
[PASS] [Pattern        204] Golden answer:      784838, Your answer:      784838
[PASS] [Pattern        205] Golden answer:    -4547906, Your answer:    -4547906
[PASS] [Pattern        206] Golden answer:      218567, Your answer:      218567
[PASS] [Pattern        207] Golden answer:     -683623, Your answer:     -683623
[PASS] [Pattern        208] Golden answer:    -2260149, Your answer:    -2260149
[PASS] [Pattern        209] Golden answer:     1417052, Your answer:     1417052
[PASS] [Pattern        210] Golden answer:      329186, Your answer:      329186
[PASS] [Pattern        211] Golden answer:     2552874, Your answer:     2552874
[PASS] [Pattern        212] Golden answer:     1195716, Your answer:     1195716
[PASS] [Pattern        213] Golden answer:    -1081879, Your answer:    -1081879
[PASS] [Pattern        214] Golden answer:     2710212, Your answer:     2710212
[PASS] [Pattern        215] Golden answer:    -1885240, Your answer:    -1885240
[PASS] [Pattern        216] Golden answer:     -431882, Your answer:     -431882
[PASS] [Pattern        217] Golden answer:    -2488433, Your answer:    -2488433
[PASS] [Pattern        218] Golden answer:    -2074505, Your answer:    -2074505
[PASS] [Pattern        219] Golden answer:     -480709, Your answer:     -480709
[PASS] [Pattern        220] Golden answer:     3030613, Your answer:     3030613
[PASS] [Pattern        221] Golden answer:     -500139, Your answer:     -500139
[PASS] [Pattern        222] Golden answer:     3690905, Your answer:     3690905
[PASS] [Pattern        223] Golden answer:     2226313, Your answer:     2226313
[PASS] [Pattern        224] Golden answer:     -238798, Your answer:     -238798
[PASS] [Pattern        225] Golden answer:      792254, Your answer:      792254
[PASS] [Pattern        226] Golden answer:     2225639, Your answer:     2225639
[PASS] [Pattern        227] Golden answer:     -589821, Your answer:     -589821
[PASS] [Pattern        228] Golden answer:    -2082510, Your answer:    -2082510
[PASS] [Pattern        229] Golden answer:      825178, Your answer:      825178
[PASS] [Pattern        230] Golden answer:    -2406735, Your answer:    -2406735
[PASS] [Pattern        231] Golden answer:     4030478, Your answer:     4030478
[PASS] [Pattern        232] Golden answer:    -3418198, Your answer:    -3418198
[PASS] [Pattern        233] Golden answer:     2864318, Your answer:     2864318
[PASS] [Pattern        234] Golden answer:    -3236876, Your answer:    -3236876
[PASS] [Pattern        235] Golden answer:      508232, Your answer:      508232
[PASS] [Pattern        236] Golden answer:    -1091048, Your answer:    -1091048
[PASS] [Pattern        237] Golden answer:     -585555, Your answer:     -585555
[PASS] [Pattern        238] Golden answer:     -657956, Your answer:     -657956
[PASS] [Pattern        239] Golden answer:      711799, Your answer:      711799
[PASS] [Pattern        240] Golden answer:    -1113801, Your answer:    -1113801
[PASS] [Pattern        241] Golden answer:     3564574, Your answer:     3564574
[PASS] [Pattern        242] Golden answer:        2479, Your answer:        2479
[PASS] [Pattern        243] Golden answer:      399376, Your answer:      399376
[PASS] [Pattern        244] Golden answer:    -1760222, Your answer:    -1760222
[PASS] [Pattern        245] Golden answer:     3219542, Your answer:     3219542
[PASS] [Pattern        246] Golden answer:     -927720, Your answer:     -927720
[PASS] [Pattern        247] Golden answer:    -1823602, Your answer:    -1823602
[PASS] [Pattern        248] Golden answer:     -921207, Your answer:     -921207
[PASS] [Pattern        249] Golden answer:     1357761, Your answer:     1357761
[PASS] [Pattern        250] Golden answer:    -1389726, Your answer:    -1389726
[PASS] [Pattern        251] Golden answer:     -884245, Your answer:     -884245
[PASS] [Pattern        252] Golden answer:      962722, Your answer:      962722
[PASS] [Pattern        253] Golden answer:     -907241, Your answer:     -907241
[PASS] [Pattern        254] Golden answer:     1259461, Your answer:     1259461
[PASS] [Pattern        255] Golden answer:    -1177271, Your answer:    -1177271
[PASS] [Pattern        256] Golden answer:     3264352, Your answer:     3264352
[PASS] [Pattern        257] Golden answer:    -1993527, Your answer:    -1993527
[PASS] [Pattern        258] Golden answer:     3702541, Your answer:     3702541
[PASS] [Pattern        259] Golden answer:    -1406257, Your answer:    -1406257
[PASS] [Pattern        260] Golden answer:     5456646, Your answer:     5456646
[PASS] [Pattern        261] Golden answer:    -1896515, Your answer:    -1896515
[PASS] [Pattern        262] Golden answer:     -207732, Your answer:     -207732
[PASS] [Pattern        263] Golden answer:     -522858, Your answer:     -522858
[PASS] [Pattern        264] Golden answer:    -2633692, Your answer:    -2633692
[PASS] [Pattern        265] Golden answer:    -2480582, Your answer:    -2480582
[PASS] [Pattern        266] Golden answer:    -1606862, Your answer:    -1606862
[PASS] [Pattern        267] Golden answer:    -1147174, Your answer:    -1147174
[PASS] [Pattern        268] Golden answer:     3711178, Your answer:     3711178
[PASS] [Pattern        269] Golden answer:      431881, Your answer:      431881
[PASS] [Pattern        270] Golden answer:      246419, Your answer:      246419
[PASS] [Pattern        271] Golden answer:     2127843, Your answer:     2127843
[PASS] [Pattern        272] Golden answer:    -3401795, Your answer:    -3401795
[PASS] [Pattern        273] Golden answer:     1945077, Your answer:     1945077
[PASS] [Pattern        274] Golden answer:    -3677635, Your answer:    -3677635
[PASS] [Pattern        275] Golden answer:     -738426, Your answer:     -738426
[PASS] [Pattern        276] Golden answer:     1426162, Your answer:     1426162
[PASS] [Pattern        277] Golden answer:      802902, Your answer:      802902
[PASS] [Pattern        278] Golden answer:    -1973025, Your answer:    -1973025
[PASS] [Pattern        279] Golden answer:     1759601, Your answer:     1759601
[PASS] [Pattern        280] Golden answer:     1282766, Your answer:     1282766
[PASS] [Pattern        281] Golden answer:      606665, Your answer:      606665
[PASS] [Pattern        282] Golden answer:     -803301, Your answer:     -803301
[PASS] [Pattern        283] Golden answer:     2141095, Your answer:     2141095
[PASS] [Pattern        284] Golden answer:     -620239, Your answer:     -620239
[PASS] [Pattern        285] Golden answer:     1832331, Your answer:     1832331
[PASS] [Pattern        286] Golden answer:    -2246592, Your answer:    -2246592
[PASS] [Pattern        287] Golden answer:     -415655, Your answer:     -415655
[PASS] [Pattern        288] Golden answer:     -793665, Your answer:     -793665
[PASS] [Pattern        289] Golden answer:    -3027897, Your answer:    -3027897
[PASS] [Pattern        290] Golden answer:     1955968, Your answer:     1955968
[PASS] [Pattern        291] Golden answer:    -2955796, Your answer:    -2955796
[PASS] [Pattern        292] Golden answer:     3697371, Your answer:     3697371
[PASS] [Pattern        293] Golden answer:     1505507, Your answer:     1505507
[PASS] [Pattern        294] Golden answer:     1227172, Your answer:     1227172
[PASS] [Pattern        295] Golden answer:      928857, Your answer:      928857
[PASS] [Pattern        296] Golden answer:     3997052, Your answer:     3997052
[PASS] [Pattern        297] Golden answer:    -2121465, Your answer:    -2121465
[PASS] [Pattern        298] Golden answer:     2017040, Your answer:     2017040
[PASS] [Pattern        299] Golden answer:    -1123618, Your answer:    -1123618
[PASS] [Pattern        300] Golden answer:     -521714, Your answer:     -521714
[PASS] [Pattern        301] Golden answer:    -1416058, Your answer:    -1416058
[PASS] [Pattern        302] Golden answer:    -1345488, Your answer:    -1345488
[PASS] [Pattern        303] Golden answer:       -1207, Your answer:       -1207
[PASS] [Pattern        304] Golden answer:     1799382, Your answer:     1799382
[PASS] [Pattern        305] Golden answer:     1783947, Your answer:     1783947
[PASS] [Pattern        306] Golden answer:      951063, Your answer:      951063
[PASS] [Pattern        307] Golden answer:     2569208, Your answer:     2569208
[PASS] [Pattern        308] Golden answer:     -403750, Your answer:     -403750
[PASS] [Pattern        309] Golden answer:      571982, Your answer:      571982
[PASS] [Pattern        310] Golden answer:      560053, Your answer:      560053
[PASS] [Pattern        311] Golden answer:    -2825492, Your answer:    -2825492
[PASS] [Pattern        312] Golden answer:     -746909, Your answer:     -746909
[PASS] [Pattern        313] Golden answer:    -1447465, Your answer:    -1447465
[PASS] [Pattern        314] Golden answer:     3087002, Your answer:     3087002
[PASS] [Pattern        315] Golden answer:    -1460928, Your answer:    -1460928
[PASS] [Pattern        316] Golden answer:     -898239, Your answer:     -898239
[PASS] [Pattern        317] Golden answer:     3238798, Your answer:     3238798
[PASS] [Pattern        318] Golden answer:     2812504, Your answer:     2812504
[PASS] [Pattern        319] Golden answer:     -781369, Your answer:     -781369
[PASS] [Pattern        320] Golden answer:     2858023, Your answer:     2858023
[PASS] [Pattern        321] Golden answer:      949457, Your answer:      949457
[PASS] [Pattern        322] Golden answer:     1235090, Your answer:     1235090
[PASS] [Pattern        323] Golden answer:    -1146173, Your answer:    -1146173
[PASS] [Pattern        324] Golden answer:     2211302, Your answer:     2211302
[PASS] [Pattern        325] Golden answer:    -4514040, Your answer:    -4514040
[PASS] [Pattern        326] Golden answer:    -1385130, Your answer:    -1385130
[PASS] [Pattern        327] Golden answer:     1024169, Your answer:     1024169
[PASS] [Pattern        328] Golden answer:    -1698883, Your answer:    -1698883
[PASS] [Pattern        329] Golden answer:      969772, Your answer:      969772
[PASS] [Pattern        330] Golden answer:     -681597, Your answer:     -681597
[PASS] [Pattern        331] Golden answer:     3196423, Your answer:     3196423
[PASS] [Pattern        332] Golden answer:     2696595, Your answer:     2696595
[PASS] [Pattern        333] Golden answer:      442313, Your answer:      442313
[PASS] [Pattern        334] Golden answer:     3958503, Your answer:     3958503
[PASS] [Pattern        335] Golden answer:      800775, Your answer:      800775
[PASS] [Pattern        336] Golden answer:      679660, Your answer:      679660
[PASS] [Pattern        337] Golden answer:     2421076, Your answer:     2421076
[PASS] [Pattern        338] Golden answer:    -2614320, Your answer:    -2614320
[PASS] [Pattern        339] Golden answer:      780575, Your answer:      780575
[PASS] [Pattern        340] Golden answer:    -2406999, Your answer:    -2406999
[PASS] [Pattern        341] Golden answer:     2748040, Your answer:     2748040
[PASS] [Pattern        342] Golden answer:    -1984268, Your answer:    -1984268
[PASS] [Pattern        343] Golden answer:    -1184480, Your answer:    -1184480
[PASS] [Pattern        344] Golden answer:      228884, Your answer:      228884
[PASS] [Pattern        345] Golden answer:      645259, Your answer:      645259
[PASS] [Pattern        346] Golden answer:     2726730, Your answer:     2726730
[PASS] [Pattern        347] Golden answer:    -3705784, Your answer:    -3705784
[PASS] [Pattern        348] Golden answer:      964859, Your answer:      964859
[PASS] [Pattern        349] Golden answer:     3889083, Your answer:     3889083
[PASS] [Pattern        350] Golden answer:    -3672898, Your answer:    -3672898
[PASS] [Pattern        351] Golden answer:     2073738, Your answer:     2073738
[PASS] [Pattern        352] Golden answer:    -2489266, Your answer:    -2489266
[PASS] [Pattern        353] Golden answer:      230050, Your answer:      230050
[PASS] [Pattern        354] Golden answer:    -1611933, Your answer:    -1611933
[PASS] [Pattern        355] Golden answer:    -5224963, Your answer:    -5224963
[PASS] [Pattern        356] Golden answer:     2349468, Your answer:     2349468
[PASS] [Pattern        357] Golden answer:    -4059797, Your answer:    -4059797
[PASS] [Pattern        358] Golden answer:     3255301, Your answer:     3255301
[PASS] [Pattern        359] Golden answer:     -703488, Your answer:     -703488
[PASS] [Pattern        360] Golden answer:    -2926581, Your answer:    -2926581
[PASS] [Pattern        361] Golden answer:     1580479, Your answer:     1580479
[PASS] [Pattern        362] Golden answer:    -1981122, Your answer:    -1981122
[PASS] [Pattern        363] Golden answer:      102107, Your answer:      102107
[PASS] [Pattern        364] Golden answer:      730370, Your answer:      730370
[PASS] [Pattern        365] Golden answer:    -2536056, Your answer:    -2536056
[PASS] [Pattern        366] Golden answer:     4109027, Your answer:     4109027
[PASS] [Pattern        367] Golden answer:    -5237343, Your answer:    -5237343
[PASS] [Pattern        368] Golden answer:     1511713, Your answer:     1511713
[PASS] [Pattern        369] Golden answer:    -2391299, Your answer:    -2391299
[PASS] [Pattern        370] Golden answer:     -192724, Your answer:     -192724
[PASS] [Pattern        371] Golden answer:    -1700702, Your answer:    -1700702
[PASS] [Pattern        372] Golden answer:     -127065, Your answer:     -127065
[PASS] [Pattern        373] Golden answer:     -268088, Your answer:     -268088
[PASS] [Pattern        374] Golden answer:     -485557, Your answer:     -485557
[PASS] [Pattern        375] Golden answer:     2514221, Your answer:     2514221
[PASS] [Pattern        376] Golden answer:     -360236, Your answer:     -360236
[PASS] [Pattern        377] Golden answer:      329588, Your answer:      329588
[PASS] [Pattern        378] Golden answer:      154593, Your answer:      154593
[PASS] [Pattern        379] Golden answer:      776014, Your answer:      776014
[PASS] [Pattern        380] Golden answer:      648098, Your answer:      648098
[PASS] [Pattern        381] Golden answer:     1263999, Your answer:     1263999
[PASS] [Pattern        382] Golden answer:      417412, Your answer:      417412
[PASS] [Pattern        383] Golden answer:     1935727, Your answer:     1935727
[PASS] [Pattern        384] Golden answer:    -4121020, Your answer:    -4121020
[PASS] [Pattern        385] Golden answer:      915291, Your answer:      915291
[PASS] [Pattern        386] Golden answer:    -1436405, Your answer:    -1436405
[PASS] [Pattern        387] Golden answer:    -3551927, Your answer:    -3551927
[PASS] [Pattern        388] Golden answer:      172218, Your answer:      172218
[PASS] [Pattern        389] Golden answer:      845541, Your answer:      845541
[PASS] [Pattern        390] Golden answer:    -1748917, Your answer:    -1748917
[PASS] [Pattern        391] Golden answer:     1100662, Your answer:     1100662
[PASS] [Pattern        392] Golden answer:     1260238, Your answer:     1260238
[PASS] [Pattern        393] Golden answer:     4865690, Your answer:     4865690
[PASS] [Pattern        394] Golden answer:    -1665477, Your answer:    -1665477
[PASS] [Pattern        395] Golden answer:     2357849, Your answer:     2357849
[PASS] [Pattern        396] Golden answer:     1078162, Your answer:     1078162
[PASS] [Pattern        397] Golden answer:    -2078686, Your answer:    -2078686
OK: exp =           0, rdata =           0
------End the data input(AXI-Stream)------
[PASS] [Pattern        398] Golden answer:    -2026619, Your answer:    -2026619
[PASS] [Pattern        399] Golden answer:     -872252, Your answer:     -872252
OK: exp =           2, rdata =           6
OK: exp =           4, rdata =           6
---------------------------------------------
-----------Congratulations! Pass-------------
$finish called from file "tb.v", line 221.
$finish at simulation time            130775000
           V C S   S i m u l a t i o n   R e p o r t
Time: 130775000 ps
CPU Time:     10.680 seconds;       Data structure size:   0.5Mb
Tue Mar 11 07:13:53 2025
CPU time: 10.717 seconds in simulation
#vcs -R +v2k -full64 testfixture_b.v ../syn/netlist/CLE_syn.v -v /usr/cadtool/ee5216/CBDK_TSMC90GUTM_Arm_f1.0/CIC/Verilog/tsmc090.v +define+SDF -debug_acc +neg_tchk
#vcs -R +v2k -full64 testfixture_c.v ../syn/netlist/CLE_syn.v -v /usr/cadtool/ee5216/CBDK_TSMC90GUTM_Arm_f1.0/CIC/Verilog/tsmc090.v +define+SDF -debug_acc +neg_tchk
