 
****************************************
check_design summary:
Version:     R-2020.09-SP5
Date:        Tue Mar 11 06:49:56 2025
****************************************

                   Name                                            Total
--------------------------------------------------------------------------------
Inputs/Outputs                                                     22
    Shorted outputs (LINT-31)                                      13
    Constant outputs (LINT-52)                                      9

Cells                                                              10
    Cells do not drive (LINT-1)                                    10
--------------------------------------------------------------------------------

Warning: In design 'fir', cell 'C1295' does not drive any nets. (LINT-1)
Warning: In design 'fir', cell 'C1327' does not drive any nets. (LINT-1)
Warning: In design 'fir', cell 'B_41' does not drive any nets. (LINT-1)
Warning: In design 'fir', cell 'C1332' does not drive any nets. (LINT-1)
Warning: In design 'fir', cell 'B_43' does not drive any nets. (LINT-1)
Warning: In design 'fir', cell 'B_45' does not drive any nets. (LINT-1)
Warning: In design 'fir', cell 'C1342' does not drive any nets. (LINT-1)
Warning: In design 'fir', cell 'C1363' does not drive any nets. (LINT-1)
Warning: In design 'fir', cell 'C1366' does not drive any nets. (LINT-1)
Warning: In design 'fir', cell 'C1374' does not drive any nets. (LINT-1)
Warning: In design 'fir', output port 'tap_WE[3]' is connected directly to output port 'tap_WE[0]'. (LINT-31)
Warning: In design 'fir', output port 'tap_WE[3]' is connected directly to output port 'tap_WE[1]'. (LINT-31)
Warning: In design 'fir', output port 'tap_WE[3]' is connected directly to output port 'tap_WE[2]'. (LINT-31)
Warning: In design 'fir', output port 'tap_EN' is connected directly to output port 'data_EN'. (LINT-31)
Warning: In design 'fir', output port 'data_WE[3]' is connected directly to output port 'data_WE[0]'. (LINT-31)
Warning: In design 'fir', output port 'data_WE[3]' is connected directly to output port 'data_WE[1]'. (LINT-31)
Warning: In design 'fir', output port 'data_WE[3]' is connected directly to output port 'data_WE[2]'. (LINT-31)
Warning: In design 'fir', output port 'data_A[11]' is connected directly to output port 'data_A[0]'. (LINT-31)
Warning: In design 'fir', output port 'data_A[11]' is connected directly to output port 'data_A[1]'. (LINT-31)
Warning: In design 'fir', output port 'data_A[11]' is connected directly to output port 'data_A[7]'. (LINT-31)
Warning: In design 'fir', output port 'data_A[11]' is connected directly to output port 'data_A[8]'. (LINT-31)
Warning: In design 'fir', output port 'data_A[11]' is connected directly to output port 'data_A[9]'. (LINT-31)
Warning: In design 'fir', output port 'data_A[11]' is connected directly to output port 'data_A[10]'. (LINT-31)
Warning: In design 'fir', output port 'tap_EN' is connected directly to 'logic 1'. (LINT-52)
Warning: In design 'fir', output port 'data_EN' is connected directly to 'logic 1'. (LINT-52)
Warning: In design 'fir', output port 'data_A[11]' is connected directly to 'logic 0'. (LINT-52)
Warning: In design 'fir', output port 'data_A[10]' is connected directly to 'logic 0'. (LINT-52)
Warning: In design 'fir', output port 'data_A[9]' is connected directly to 'logic 0'. (LINT-52)
Warning: In design 'fir', output port 'data_A[8]' is connected directly to 'logic 0'. (LINT-52)
Warning: In design 'fir', output port 'data_A[7]' is connected directly to 'logic 0'. (LINT-52)
Warning: In design 'fir', output port 'data_A[1]' is connected directly to 'logic 0'. (LINT-52)
Warning: In design 'fir', output port 'data_A[0]' is connected directly to 'logic 0'. (LINT-52)
1
