 
****************************************
Report : timing
        -path full
        -delay max
        -max_paths 10
Design : fir
Version: R-2020.09-SP5
Date   : Sun Mar 16 22:17:24 2025
****************************************

Operating Conditions: slow   Library: slow
Wire Load Model Mode: top

  Startpoint: y_out_reg[1]
              (rising edge-triggered flip-flop clocked by axis_clk)
  Endpoint: y_out_reg[31]
            (rising edge-triggered flip-flop clocked by axis_clk)
  Path Group: axis_clk
  Path Type: max

  Point                                    Incr       Path
  -----------------------------------------------------------
  clock axis_clk (rise edge)               0.00       0.00
  clock network delay (ideal)              0.50       0.50
  y_out_reg[1]/CK (DFFRQXL)                0.00       0.50 r
  y_out_reg[1]/Q (DFFRQXL)                 0.28       0.78 f
  U1150/Y (OR2XL)                          0.16       0.94 f
  U527/Y (AOI21XL)                         0.11       1.05 r
  U494/Y (OAI21XL)                         0.10       1.15 f
  U526/Y (AOI21XL)                         0.11       1.26 r
  U493/Y (OAI21XL)                         0.10       1.35 f
  U525/Y (AOI21XL)                         0.11       1.47 r
  U492/Y (OAI21XL)                         0.10       1.56 f
  U524/Y (AOI21XL)                         0.11       1.67 r
  U491/Y (OAI21XL)                         0.10       1.77 f
  U523/Y (AOI21XL)                         0.11       1.88 r
  U490/Y (OAI21XL)                         0.10       1.98 f
  U522/Y (AOI21XL)                         0.11       2.09 r
  U489/Y (OAI21XL)                         0.10       2.19 f
  U521/Y (AOI21XL)                         0.11       2.30 r
  U488/Y (OAI21XL)                         0.10       2.39 f
  U520/Y (AOI21XL)                         0.11       2.51 r
  U487/Y (OAI21XL)                         0.10       2.60 f
  U519/Y (AOI21XL)                         0.11       2.71 r
  U486/Y (OAI21XL)                         0.10       2.81 f
  U485/Y (AOI21XL)                         0.11       2.92 r
  U480/Y (OAI21XL)                         0.10       3.02 f
  U484/Y (AOI21XL)                         0.11       3.13 r
  U479/Y (OAI21XL)                         0.10       3.23 f
  U483/Y (AOI21XL)                         0.11       3.34 r
  U478/Y (OAI21XL)                         0.10       3.44 f
  U482/Y (AOI21XL)                         0.11       3.54 r
  U477/Y (OA21XL)                          0.12       3.66 r
  U481/Y (OAI21XL)                         0.08       3.74 f
  U2092/Y (AO21XL)                         0.20       3.94 f
  U2144/Y (AO21XL)                         0.20       4.15 f
  U536/Y (AOI21XL)                         0.09       4.24 r
  U535/Y (XOR2XL)                          0.11       4.34 r
  U411/Y (AO22XL)                          0.10       4.45 r
  y_out_reg[31]/D (DFFRQXL)                0.00       4.45 r
  data arrival time                                   4.45

  clock axis_clk (rise edge)               5.00       5.00
  clock network delay (ideal)              0.50       5.50
  clock uncertainty                       -0.10       5.40
  y_out_reg[31]/CK (DFFRQXL)               0.00       5.40 r
  library setup time                      -0.15       5.25
  data required time                                  5.25
  -----------------------------------------------------------
  data required time                                  5.25
  data arrival time                                  -4.45
  -----------------------------------------------------------
  slack (MET)                                         0.81


  Startpoint: y_out_reg[1]
              (rising edge-triggered flip-flop clocked by axis_clk)
  Endpoint: y_out_reg[30]
            (rising edge-triggered flip-flop clocked by axis_clk)
  Path Group: axis_clk
  Path Type: max

  Point                                    Incr       Path
  -----------------------------------------------------------
  clock axis_clk (rise edge)               0.00       0.00
  clock network delay (ideal)              0.50       0.50
  y_out_reg[1]/CK (DFFRQXL)                0.00       0.50 r
  y_out_reg[1]/Q (DFFRQXL)                 0.28       0.78 f
  U1150/Y (OR2XL)                          0.16       0.94 f
  U527/Y (AOI21XL)                         0.11       1.05 r
  U494/Y (OAI21XL)                         0.10       1.15 f
  U526/Y (AOI21XL)                         0.11       1.26 r
  U493/Y (OAI21XL)                         0.10       1.35 f
  U525/Y (AOI21XL)                         0.11       1.47 r
  U492/Y (OAI21XL)                         0.10       1.56 f
  U524/Y (AOI21XL)                         0.11       1.67 r
  U491/Y (OAI21XL)                         0.10       1.77 f
  U523/Y (AOI21XL)                         0.11       1.88 r
  U490/Y (OAI21XL)                         0.10       1.98 f
  U522/Y (AOI21XL)                         0.11       2.09 r
  U489/Y (OAI21XL)                         0.10       2.19 f
  U521/Y (AOI21XL)                         0.11       2.30 r
  U488/Y (OAI21XL)                         0.10       2.39 f
  U520/Y (AOI21XL)                         0.11       2.51 r
  U487/Y (OAI21XL)                         0.10       2.60 f
  U519/Y (AOI21XL)                         0.11       2.71 r
  U486/Y (OAI21XL)                         0.10       2.81 f
  U485/Y (AOI21XL)                         0.11       2.92 r
  U480/Y (OAI21XL)                         0.10       3.02 f
  U484/Y (AOI21XL)                         0.11       3.13 r
  U479/Y (OAI21XL)                         0.10       3.23 f
  U483/Y (AOI21XL)                         0.11       3.34 r
  U478/Y (OAI21XL)                         0.10       3.44 f
  U482/Y (AOI21XL)                         0.11       3.54 r
  U477/Y (OA21XL)                          0.12       3.66 r
  U481/Y (OAI21XL)                         0.08       3.74 f
  U2092/Y (AO21XL)                         0.20       3.94 f
  U2144/Y (AO21XL)                         0.20       4.15 f
  U537/Y (XNOR2XL)                         0.11       4.25 r
  U412/Y (AO22XL)                          0.10       4.36 r
  y_out_reg[30]/D (DFFRQXL)                0.00       4.36 r
  data arrival time                                   4.36

  clock axis_clk (rise edge)               5.00       5.00
  clock network delay (ideal)              0.50       5.50
  clock uncertainty                       -0.10       5.40
  y_out_reg[30]/CK (DFFRQXL)               0.00       5.40 r
  library setup time                      -0.15       5.25
  data required time                                  5.25
  -----------------------------------------------------------
  data required time                                  5.25
  data arrival time                                  -4.36
  -----------------------------------------------------------
  slack (MET)                                         0.89


  Startpoint: y_out_reg[1]
              (rising edge-triggered flip-flop clocked by axis_clk)
  Endpoint: y_out_reg[29]
            (rising edge-triggered flip-flop clocked by axis_clk)
  Path Group: axis_clk
  Path Type: max

  Point                                    Incr       Path
  -----------------------------------------------------------
  clock axis_clk (rise edge)               0.00       0.00
  clock network delay (ideal)              0.50       0.50
  y_out_reg[1]/CK (DFFRQXL)                0.00       0.50 r
  y_out_reg[1]/Q (DFFRQXL)                 0.28       0.78 f
  U1150/Y (OR2XL)                          0.16       0.94 f
  U527/Y (AOI21XL)                         0.11       1.05 r
  U494/Y (OAI21XL)                         0.10       1.15 f
  U526/Y (AOI21XL)                         0.11       1.26 r
  U493/Y (OAI21XL)                         0.10       1.35 f
  U525/Y (AOI21XL)                         0.11       1.47 r
  U492/Y (OAI21XL)                         0.10       1.56 f
  U524/Y (AOI21XL)                         0.11       1.67 r
  U491/Y (OAI21XL)                         0.10       1.77 f
  U523/Y (AOI21XL)                         0.11       1.88 r
  U490/Y (OAI21XL)                         0.10       1.98 f
  U522/Y (AOI21XL)                         0.11       2.09 r
  U489/Y (OAI21XL)                         0.10       2.19 f
  U521/Y (AOI21XL)                         0.11       2.30 r
  U488/Y (OAI21XL)                         0.10       2.39 f
  U520/Y (AOI21XL)                         0.11       2.51 r
  U487/Y (OAI21XL)                         0.10       2.60 f
  U519/Y (AOI21XL)                         0.11       2.71 r
  U486/Y (OAI21XL)                         0.10       2.81 f
  U485/Y (AOI21XL)                         0.11       2.92 r
  U480/Y (OAI21XL)                         0.10       3.02 f
  U484/Y (AOI21XL)                         0.11       3.13 r
  U479/Y (OAI21XL)                         0.10       3.23 f
  U483/Y (AOI21XL)                         0.11       3.34 r
  U478/Y (OAI21XL)                         0.10       3.44 f
  U482/Y (AOI21XL)                         0.11       3.54 r
  U477/Y (OA21XL)                          0.12       3.66 r
  U481/Y (OAI21XL)                         0.08       3.74 f
  U2092/Y (AO21XL)                         0.20       3.94 f
  U538/Y (XNOR2XL)                         0.11       4.05 r
  U413/Y (AO22XL)                          0.10       4.15 r
  y_out_reg[29]/D (DFFRQXL)                0.00       4.15 r
  data arrival time                                   4.15

  clock axis_clk (rise edge)               5.00       5.00
  clock network delay (ideal)              0.50       5.50
  clock uncertainty                       -0.10       5.40
  y_out_reg[29]/CK (DFFRQXL)               0.00       5.40 r
  library setup time                      -0.15       5.25
  data required time                                  5.25
  -----------------------------------------------------------
  data required time                                  5.25
  data arrival time                                  -4.15
  -----------------------------------------------------------
  slack (MET)                                         1.10


  Startpoint: y_out_reg[0]
              (rising edge-triggered flip-flop clocked by axis_clk)
  Endpoint: y_out_reg[28]
            (rising edge-triggered flip-flop clocked by axis_clk)
  Path Group: axis_clk
  Path Type: max

  Point                                    Incr       Path
  -----------------------------------------------------------
  clock axis_clk (rise edge)               0.00       0.00
  clock network delay (ideal)              0.50       0.50
  y_out_reg[0]/CK (DFFRQXL)                0.00       0.50 r
  y_out_reg[0]/Q (DFFRQXL)                 0.23       0.73 r
  U1152/Y (NAND2XL)                        0.07       0.80 f
  U1153/Y (INVXL)                          0.05       0.86 r
  U527/Y (AOI21XL)                         0.09       0.95 f
  U494/Y (OAI21XL)                         0.12       1.07 r
  U526/Y (AOI21XL)                         0.10       1.17 f
  U493/Y (OAI21XL)                         0.11       1.28 r
  U525/Y (AOI21XL)                         0.10       1.38 f
  U492/Y (OAI21XL)                         0.11       1.49 r
  U524/Y (AOI21XL)                         0.10       1.59 f
  U491/Y (OAI21XL)                         0.11       1.70 r
  U523/Y (AOI21XL)                         0.10       1.80 f
  U490/Y (OAI21XL)                         0.11       1.91 r
  U522/Y (AOI21XL)                         0.10       2.00 f
  U489/Y (OAI21XL)                         0.11       2.12 r
  U521/Y (AOI21XL)                         0.10       2.21 f
  U488/Y (OAI21XL)                         0.11       2.32 r
  U520/Y (AOI21XL)                         0.10       2.42 f
  U487/Y (OAI21XL)                         0.11       2.53 r
  U519/Y (AOI21XL)                         0.10       2.63 f
  U486/Y (OAI21XL)                         0.11       2.74 r
  U485/Y (AOI21XL)                         0.10       2.84 f
  U480/Y (OAI21XL)                         0.11       2.95 r
  U484/Y (AOI21XL)                         0.10       3.05 f
  U479/Y (OAI21XL)                         0.11       3.16 r
  U483/Y (AOI21XL)                         0.10       3.26 f
  U478/Y (OAI21XL)                         0.11       3.37 r
  U482/Y (AOI21XL)                         0.10       3.47 f
  U477/Y (OA21XL)                          0.22       3.69 f
  U481/Y (OAI21XL)                         0.10       3.79 r
  U539/Y (XNOR2XL)                         0.12       3.90 r
  U414/Y (AO22XL)                          0.11       4.01 r
  y_out_reg[28]/D (DFFRQXL)                0.00       4.01 r
  data arrival time                                   4.01

  clock axis_clk (rise edge)               5.00       5.00
  clock network delay (ideal)              0.50       5.50
  clock uncertainty                       -0.10       5.40
  y_out_reg[28]/CK (DFFRQXL)               0.00       5.40 r
  library setup time                      -0.15       5.25
  data required time                                  5.25
  -----------------------------------------------------------
  data required time                                  5.25
  data arrival time                                  -4.01
  -----------------------------------------------------------
  slack (MET)                                         1.24


  Startpoint: y_out_reg[0]
              (rising edge-triggered flip-flop clocked by axis_clk)
  Endpoint: y_out_reg[27]
            (rising edge-triggered flip-flop clocked by axis_clk)
  Path Group: axis_clk
  Path Type: max

  Point                                    Incr       Path
  -----------------------------------------------------------
  clock axis_clk (rise edge)               0.00       0.00
  clock network delay (ideal)              0.50       0.50
  y_out_reg[0]/CK (DFFRQXL)                0.00       0.50 r
  y_out_reg[0]/Q (DFFRQXL)                 0.23       0.73 r
  U1152/Y (NAND2XL)                        0.07       0.80 f
  U1153/Y (INVXL)                          0.05       0.86 r
  U527/Y (AOI21XL)                         0.09       0.95 f
  U494/Y (OAI21XL)                         0.12       1.07 r
  U526/Y (AOI21XL)                         0.10       1.17 f
  U493/Y (OAI21XL)                         0.11       1.28 r
  U525/Y (AOI21XL)                         0.10       1.38 f
  U492/Y (OAI21XL)                         0.11       1.49 r
  U524/Y (AOI21XL)                         0.10       1.59 f
  U491/Y (OAI21XL)                         0.11       1.70 r
  U523/Y (AOI21XL)                         0.10       1.80 f
  U490/Y (OAI21XL)                         0.11       1.91 r
  U522/Y (AOI21XL)                         0.10       2.00 f
  U489/Y (OAI21XL)                         0.11       2.12 r
  U521/Y (AOI21XL)                         0.10       2.21 f
  U488/Y (OAI21XL)                         0.11       2.32 r
  U520/Y (AOI21XL)                         0.10       2.42 f
  U487/Y (OAI21XL)                         0.11       2.53 r
  U519/Y (AOI21XL)                         0.10       2.63 f
  U486/Y (OAI21XL)                         0.11       2.74 r
  U485/Y (AOI21XL)                         0.10       2.84 f
  U480/Y (OAI21XL)                         0.11       2.95 r
  U484/Y (AOI21XL)                         0.10       3.05 f
  U479/Y (OAI21XL)                         0.11       3.16 r
  U483/Y (AOI21XL)                         0.10       3.26 f
  U478/Y (OAI21XL)                         0.11       3.37 r
  U482/Y (AOI21XL)                         0.10       3.47 f
  U477/Y (OA21XL)                          0.22       3.69 f
  U540/Y (XOR2XL)                          0.11       3.79 r
  U415/Y (AO22XL)                          0.10       3.90 r
  y_out_reg[27]/D (DFFRQXL)                0.00       3.90 r
  data arrival time                                   3.90

  clock axis_clk (rise edge)               5.00       5.00
  clock network delay (ideal)              0.50       5.50
  clock uncertainty                       -0.10       5.40
  y_out_reg[27]/CK (DFFRQXL)               0.00       5.40 r
  library setup time                      -0.15       5.25
  data required time                                  5.25
  -----------------------------------------------------------
  data required time                                  5.25
  data arrival time                                  -3.90
  -----------------------------------------------------------
  slack (MET)                                         1.36


  Startpoint: y_out_reg[1]
              (rising edge-triggered flip-flop clocked by axis_clk)
  Endpoint: y_out_reg[26]
            (rising edge-triggered flip-flop clocked by axis_clk)
  Path Group: axis_clk
  Path Type: max

  Point                                    Incr       Path
  -----------------------------------------------------------
  clock axis_clk (rise edge)               0.00       0.00
  clock network delay (ideal)              0.50       0.50
  y_out_reg[1]/CK (DFFRQXL)                0.00       0.50 r
  y_out_reg[1]/Q (DFFRQXL)                 0.28       0.78 f
  U1150/Y (OR2XL)                          0.16       0.94 f
  U527/Y (AOI21XL)                         0.11       1.05 r
  U494/Y (OAI21XL)                         0.10       1.15 f
  U526/Y (AOI21XL)                         0.11       1.26 r
  U493/Y (OAI21XL)                         0.10       1.35 f
  U525/Y (AOI21XL)                         0.11       1.47 r
  U492/Y (OAI21XL)                         0.10       1.56 f
  U524/Y (AOI21XL)                         0.11       1.67 r
  U491/Y (OAI21XL)                         0.10       1.77 f
  U523/Y (AOI21XL)                         0.11       1.88 r
  U490/Y (OAI21XL)                         0.10       1.98 f
  U522/Y (AOI21XL)                         0.11       2.09 r
  U489/Y (OAI21XL)                         0.10       2.19 f
  U521/Y (AOI21XL)                         0.11       2.30 r
  U488/Y (OAI21XL)                         0.10       2.39 f
  U520/Y (AOI21XL)                         0.11       2.51 r
  U487/Y (OAI21XL)                         0.10       2.60 f
  U519/Y (AOI21XL)                         0.11       2.71 r
  U486/Y (OAI21XL)                         0.10       2.81 f
  U485/Y (AOI21XL)                         0.11       2.92 r
  U480/Y (OAI21XL)                         0.10       3.02 f
  U484/Y (AOI21XL)                         0.11       3.13 r
  U479/Y (OAI21XL)                         0.10       3.23 f
  U483/Y (AOI21XL)                         0.11       3.34 r
  U478/Y (OAI21XL)                         0.10       3.44 f
  U482/Y (AOI21XL)                         0.11       3.54 r
  U541/Y (XOR2XL)                          0.11       3.65 r
  U416/Y (AO22XL)                          0.11       3.76 r
  y_out_reg[26]/D (DFFRQXL)                0.00       3.76 r
  data arrival time                                   3.76

  clock axis_clk (rise edge)               5.00       5.00
  clock network delay (ideal)              0.50       5.50
  clock uncertainty                       -0.10       5.40
  y_out_reg[26]/CK (DFFRQXL)               0.00       5.40 r
  library setup time                      -0.15       5.25
  data required time                                  5.25
  -----------------------------------------------------------
  data required time                                  5.25
  data arrival time                                  -3.76
  -----------------------------------------------------------
  slack (MET)                                         1.49


  Startpoint: y_out_reg[1]
              (rising edge-triggered flip-flop clocked by axis_clk)
  Endpoint: y_out_reg[25]
            (rising edge-triggered flip-flop clocked by axis_clk)
  Path Group: axis_clk
  Path Type: max

  Point                                    Incr       Path
  -----------------------------------------------------------
  clock axis_clk (rise edge)               0.00       0.00
  clock network delay (ideal)              0.50       0.50
  y_out_reg[1]/CK (DFFRQXL)                0.00       0.50 r
  y_out_reg[1]/Q (DFFRQXL)                 0.28       0.78 f
  U1150/Y (OR2XL)                          0.16       0.94 f
  U527/Y (AOI21XL)                         0.11       1.05 r
  U494/Y (OAI21XL)                         0.10       1.15 f
  U526/Y (AOI21XL)                         0.11       1.26 r
  U493/Y (OAI21XL)                         0.10       1.35 f
  U525/Y (AOI21XL)                         0.11       1.47 r
  U492/Y (OAI21XL)                         0.10       1.56 f
  U524/Y (AOI21XL)                         0.11       1.67 r
  U491/Y (OAI21XL)                         0.10       1.77 f
  U523/Y (AOI21XL)                         0.11       1.88 r
  U490/Y (OAI21XL)                         0.10       1.98 f
  U522/Y (AOI21XL)                         0.11       2.09 r
  U489/Y (OAI21XL)                         0.10       2.19 f
  U521/Y (AOI21XL)                         0.11       2.30 r
  U488/Y (OAI21XL)                         0.10       2.39 f
  U520/Y (AOI21XL)                         0.11       2.51 r
  U487/Y (OAI21XL)                         0.10       2.60 f
  U519/Y (AOI21XL)                         0.11       2.71 r
  U486/Y (OAI21XL)                         0.10       2.81 f
  U485/Y (AOI21XL)                         0.11       2.92 r
  U480/Y (OAI21XL)                         0.10       3.02 f
  U484/Y (AOI21XL)                         0.11       3.13 r
  U479/Y (OAI21XL)                         0.10       3.23 f
  U483/Y (AOI21XL)                         0.11       3.34 r
  U478/Y (OAI21XL)                         0.10       3.44 f
  U542/Y (XNOR2XL)                         0.11       3.55 r
  U417/Y (AO22XL)                          0.11       3.65 r
  y_out_reg[25]/D (DFFRQXL)                0.00       3.65 r
  data arrival time                                   3.65

  clock axis_clk (rise edge)               5.00       5.00
  clock network delay (ideal)              0.50       5.50
  clock uncertainty                       -0.10       5.40
  y_out_reg[25]/CK (DFFRQXL)               0.00       5.40 r
  library setup time                      -0.15       5.25
  data required time                                  5.25
  -----------------------------------------------------------
  data required time                                  5.25
  data arrival time                                  -3.65
  -----------------------------------------------------------
  slack (MET)                                         1.60


  Startpoint: y_out_reg[1]
              (rising edge-triggered flip-flop clocked by axis_clk)
  Endpoint: y_out_reg[24]
            (rising edge-triggered flip-flop clocked by axis_clk)
  Path Group: axis_clk
  Path Type: max

  Point                                    Incr       Path
  -----------------------------------------------------------
  clock axis_clk (rise edge)               0.00       0.00
  clock network delay (ideal)              0.50       0.50
  y_out_reg[1]/CK (DFFRQXL)                0.00       0.50 r
  y_out_reg[1]/Q (DFFRQXL)                 0.28       0.78 f
  U1150/Y (OR2XL)                          0.16       0.94 f
  U527/Y (AOI21XL)                         0.11       1.05 r
  U494/Y (OAI21XL)                         0.10       1.15 f
  U526/Y (AOI21XL)                         0.11       1.26 r
  U493/Y (OAI21XL)                         0.10       1.35 f
  U525/Y (AOI21XL)                         0.11       1.47 r
  U492/Y (OAI21XL)                         0.10       1.56 f
  U524/Y (AOI21XL)                         0.11       1.67 r
  U491/Y (OAI21XL)                         0.10       1.77 f
  U523/Y (AOI21XL)                         0.11       1.88 r
  U490/Y (OAI21XL)                         0.10       1.98 f
  U522/Y (AOI21XL)                         0.11       2.09 r
  U489/Y (OAI21XL)                         0.10       2.19 f
  U521/Y (AOI21XL)                         0.11       2.30 r
  U488/Y (OAI21XL)                         0.10       2.39 f
  U520/Y (AOI21XL)                         0.11       2.51 r
  U487/Y (OAI21XL)                         0.10       2.60 f
  U519/Y (AOI21XL)                         0.11       2.71 r
  U486/Y (OAI21XL)                         0.10       2.81 f
  U485/Y (AOI21XL)                         0.11       2.92 r
  U480/Y (OAI21XL)                         0.10       3.02 f
  U484/Y (AOI21XL)                         0.11       3.13 r
  U479/Y (OAI21XL)                         0.10       3.23 f
  U483/Y (AOI21XL)                         0.11       3.34 r
  U543/Y (XOR2XL)                          0.11       3.45 r
  U418/Y (AO22XL)                          0.11       3.56 r
  y_out_reg[24]/D (DFFRQXL)                0.00       3.56 r
  data arrival time                                   3.56

  clock axis_clk (rise edge)               5.00       5.00
  clock network delay (ideal)              0.50       5.50
  clock uncertainty                       -0.10       5.40
  y_out_reg[24]/CK (DFFRQXL)               0.00       5.40 r
  library setup time                      -0.15       5.25
  data required time                                  5.25
  -----------------------------------------------------------
  data required time                                  5.25
  data arrival time                                  -3.56
  -----------------------------------------------------------
  slack (MET)                                         1.69


  Startpoint: y_out_reg[1]
              (rising edge-triggered flip-flop clocked by axis_clk)
  Endpoint: y_out_reg[23]
            (rising edge-triggered flip-flop clocked by axis_clk)
  Path Group: axis_clk
  Path Type: max

  Point                                    Incr       Path
  -----------------------------------------------------------
  clock axis_clk (rise edge)               0.00       0.00
  clock network delay (ideal)              0.50       0.50
  y_out_reg[1]/CK (DFFRQXL)                0.00       0.50 r
  y_out_reg[1]/Q (DFFRQXL)                 0.28       0.78 f
  U1150/Y (OR2XL)                          0.16       0.94 f
  U527/Y (AOI21XL)                         0.11       1.05 r
  U494/Y (OAI21XL)                         0.10       1.15 f
  U526/Y (AOI21XL)                         0.11       1.26 r
  U493/Y (OAI21XL)                         0.10       1.35 f
  U525/Y (AOI21XL)                         0.11       1.47 r
  U492/Y (OAI21XL)                         0.10       1.56 f
  U524/Y (AOI21XL)                         0.11       1.67 r
  U491/Y (OAI21XL)                         0.10       1.77 f
  U523/Y (AOI21XL)                         0.11       1.88 r
  U490/Y (OAI21XL)                         0.10       1.98 f
  U522/Y (AOI21XL)                         0.11       2.09 r
  U489/Y (OAI21XL)                         0.10       2.19 f
  U521/Y (AOI21XL)                         0.11       2.30 r
  U488/Y (OAI21XL)                         0.10       2.39 f
  U520/Y (AOI21XL)                         0.11       2.51 r
  U487/Y (OAI21XL)                         0.10       2.60 f
  U519/Y (AOI21XL)                         0.11       2.71 r
  U486/Y (OAI21XL)                         0.10       2.81 f
  U485/Y (AOI21XL)                         0.11       2.92 r
  U480/Y (OAI21XL)                         0.10       3.02 f
  U484/Y (AOI21XL)                         0.11       3.13 r
  U479/Y (OAI21XL)                         0.10       3.23 f
  U544/Y (XNOR2XL)                         0.11       3.34 r
  U419/Y (AO22XL)                          0.11       3.44 r
  y_out_reg[23]/D (DFFRQXL)                0.00       3.44 r
  data arrival time                                   3.44

  clock axis_clk (rise edge)               5.00       5.00
  clock network delay (ideal)              0.50       5.50
  clock uncertainty                       -0.10       5.40
  y_out_reg[23]/CK (DFFRQXL)               0.00       5.40 r
  library setup time                      -0.15       5.25
  data required time                                  5.25
  -----------------------------------------------------------
  data required time                                  5.25
  data arrival time                                  -3.44
  -----------------------------------------------------------
  slack (MET)                                         1.81


  Startpoint: y_out_reg[1]
              (rising edge-triggered flip-flop clocked by axis_clk)
  Endpoint: y_out_reg[22]
            (rising edge-triggered flip-flop clocked by axis_clk)
  Path Group: axis_clk
  Path Type: max

  Point                                    Incr       Path
  -----------------------------------------------------------
  clock axis_clk (rise edge)               0.00       0.00
  clock network delay (ideal)              0.50       0.50
  y_out_reg[1]/CK (DFFRQXL)                0.00       0.50 r
  y_out_reg[1]/Q (DFFRQXL)                 0.28       0.78 f
  U1150/Y (OR2XL)                          0.16       0.94 f
  U527/Y (AOI21XL)                         0.11       1.05 r
  U494/Y (OAI21XL)                         0.10       1.15 f
  U526/Y (AOI21XL)                         0.11       1.26 r
  U493/Y (OAI21XL)                         0.10       1.35 f
  U525/Y (AOI21XL)                         0.11       1.47 r
  U492/Y (OAI21XL)                         0.10       1.56 f
  U524/Y (AOI21XL)                         0.11       1.67 r
  U491/Y (OAI21XL)                         0.10       1.77 f
  U523/Y (AOI21XL)                         0.11       1.88 r
  U490/Y (OAI21XL)                         0.10       1.98 f
  U522/Y (AOI21XL)                         0.11       2.09 r
  U489/Y (OAI21XL)                         0.10       2.19 f
  U521/Y (AOI21XL)                         0.11       2.30 r
  U488/Y (OAI21XL)                         0.10       2.39 f
  U520/Y (AOI21XL)                         0.11       2.51 r
  U487/Y (OAI21XL)                         0.10       2.60 f
  U519/Y (AOI21XL)                         0.11       2.71 r
  U486/Y (OAI21XL)                         0.10       2.81 f
  U485/Y (AOI21XL)                         0.11       2.92 r
  U480/Y (OAI21XL)                         0.10       3.02 f
  U484/Y (AOI21XL)                         0.11       3.13 r
  U545/Y (XOR2XL)                          0.11       3.24 r
  U420/Y (AO22XL)                          0.11       3.35 r
  y_out_reg[22]/D (DFFRQXL)                0.00       3.35 r
  data arrival time                                   3.35

  clock axis_clk (rise edge)               5.00       5.00
  clock network delay (ideal)              0.50       5.50
  clock uncertainty                       -0.10       5.40
  y_out_reg[22]/CK (DFFRQXL)               0.00       5.40 r
  library setup time                      -0.15       5.25
  data required time                                  5.25
  -----------------------------------------------------------
  data required time                                  5.25
  data arrival time                                  -3.35
  -----------------------------------------------------------
  slack (MET)                                         1.90


1
